<?xml version='1.0'?>
<ns2:test-suite xmlns:ns2='urn:model.allure.qatools.yandex.ru' start='1629776627764' stop='1629776711740'>
    <name>Event Filters</name>
    <title>Event Filters</title>
    <test-cases>
        <test-case start='1629776664299' status='failed' stop='1629776680258'>
            <name>check event filter functionality</name>
            <title>check event filter functionality</title>
            <labels>
                <label name='language' value='javascript'/>
                <label name='framework' value='wdio'/>
                <label name='thread' value='0-0'/>
            </labels>
            <parameters>
                <parameter kind='argument' name='browser' value='chrome-92.0.4515.159'/>
            </parameters>
            <steps>
                <step start='1629776664311' status='passed' stop='1629776668305'>
                    <name>Given user is logged in</name>
                    <title>Given user is logged in</title>
                    <attachments/>
                    <steps/>
                </step>
                <step start='1629776668305' status='passed' stop='1629776670564'>
                    <name>Given Community Previous host :: user is on page</name>
                    <title>Given Community Previous host :: user is on page</title>
                    <attachments/>
                    <steps/>
                </step>
                <step start='1629776670564' status='passed' stop='1629776674955'>
                    <name>When Community Previous host :: user selects filter</name>
                    <title>When Community Previous host :: user selects filter</title>
                    <attachments/>
                    <steps/>
                </step>
                <step start='1629776674955' status='failed' stop='1629776680258'>
                    <name>Then Community Previous host :: component only displays correct results</name>
                    <title>Then Community Previous host :: component only displays correct results</title>
                    <attachments/>
                    <steps/>
                </step>
            </steps>
            <attachments/>
            <failure>
                <message>AssertionError [ERR_ASSERTION]: The expression evaluated to a falsy value:</message>
                <stack-trace>AssertionError [ERR_ASSERTION]: The expression evaluated to a falsy value:
                
                  assert(events.length===count)
                
                    + expected - actual
                
                    -false
                    +true
                
                    at World.&lt;anonymous> (C:\Users\AlyssaMcMillan\work\traction-rec-integrations\wdiorepo\run\features\step-definitions\EventFilter.js:204:9)
                    at runMicrotasks (&lt;anonymous>)
                    at processTicksAndRejections (internal/process/task_queues.js:95:5)
                    at World.executeAsync (C:\Users\AlyssaMcMillan\work\traction-rec-integrations\wdiorepo\run\node_modules\@wdio\utils\build\shim.js:285:16)
                    at World.testFrameworkFnWrapper (C:\Users\AlyssaMcMillan\work\traction-rec-integrations\wdiorepo\run\node_modules\@wdio\utils\build\test-framework\testFnWrapper.js:52:18)</stack-trace>
            </failure>
        </test-case>
        <test-case start='1629776680264' status='broken' stop='1629776711734'>
            <name>check event filter functionality</name>
            <title>check event filter functionality</title>
            <labels>
                <label name='language' value='javascript'/>
                <label name='framework' value='wdio'/>
                <label name='thread' value='0-0'/>
            </labels>
            <parameters>
                <parameter kind='argument' name='browser' value='chrome-92.0.4515.159'/>
            </parameters>
            <steps>
                <step start='1629776680265' status='passed' stop='1629776683848'>
                    <name>Given user is logged in</name>
                    <title>Given user is logged in</title>
                    <attachments/>
                    <steps/>
                </step>
                <step start='1629776683848' status='passed' stop='1629776711731'>
                    <name>Given Child Previous host :: user is on page</name>
                    <title>Given Child Previous host :: user is on page</title>
                    <attachments/>
                    <steps/>
                </step>
                <step start='1629776711732' status='broken' stop='1629776711734'>
                    <name>When Child Previous host :: user selects filter</name>
                    <title>When Child Previous host :: user selects filter</title>
                    <attachments/>
                    <steps/>
                </step>
                <step start='1629776711735' status='canceled' stop='1629776711736'>
                    <name>Then Child Previous host :: component only displays correct results</name>
                    <title>Then Child Previous host :: component only displays correct results</title>
                    <attachments/>
                    <steps/>
                </step>
            </steps>
            <attachments/>
            <failure>
                <message>TypeError: Cannot read property 'isClickable' of undefined</message>
                <stack-trace>TypeError: Cannot read property 'isClickable' of undefined
                    at World.&lt;anonymous> (C:\Users\AlyssaMcMillan\work\traction-rec-integrations\wdiorepo\run\features\step-definitions\EventFilter.js:156:34)
                    at World.executeAsync (C:\Users\AlyssaMcMillan\work\traction-rec-integrations\wdiorepo\run\node_modules\@wdio\utils\build\shim.js:285:16)
                    at World.testFrameworkFnWrapper (C:\Users\AlyssaMcMillan\work\traction-rec-integrations\wdiorepo\run\node_modules\@wdio\utils\build\test-framework\testFnWrapper.js:52:18)</stack-trace>
            </failure>
        </test-case>
    </test-cases>
</ns2:test-suite>