<?xml version='1.0'?>
<ns2:test-suite xmlns:ns2='urn:model.allure.qatools.yandex.ru' start='1629828291429' stop='1629828323204'>
    <name>Event Filters</name>
    <title>Event Filters</title>
    <test-cases>
        <test-case start='1629828316889' status='failed' stop='1629828323200'>
            <name>check event filter functionality</name>
            <title>check event filter functionality</title>
            <labels>
                <label name='language' value='javascript'/>
                <label name='framework' value='wdio'/>
                <label name='thread' value='0-0'/>
            </labels>
            <parameters>
                <parameter kind='argument' name='browser' value='chrome-92.0.4515.159'/>
            </parameters>
            <steps>
                <step start='1629828316894' status='passed' stop='1629828319708'>
                    <name>Given user is logged in</name>
                    <title>Given user is logged in</title>
                    <attachments/>
                    <steps/>
                </step>
                <step start='1629828319708' status='passed' stop='1629828319709'>
                    <name>Given Parent Upcoming eventtype :: user is on page</name>
                    <title>Given Parent Upcoming eventtype :: user is on page</title>
                    <attachments/>
                    <steps/>
                </step>
                <step start='1629828319710' status='passed' stop='1629828322116'>
                    <name>When Parent Upcoming eventtype :: user selects filter</name>
                    <title>When Parent Upcoming eventtype :: user selects filter</title>
                    <attachments/>
                    <steps/>
                </step>
                <step start='1629828322117' status='failed' stop='1629828323200'>
                    <name>Then Parent Upcoming eventtype :: component only displays correct results</name>
                    <title>Then Parent Upcoming eventtype :: component only displays correct results</title>
                    <attachments/>
                    <steps/>
                </step>
            </steps>
            <attachments/>
            <failure>
                <message>AssertionError [ERR_ASSERTION]: The expression evaluated to a falsy value:</message>
                <stack-trace>AssertionError [ERR_ASSERTION]: The expression evaluated to a falsy value:
                
                  assert(events.length===count)
                
                    + expected - actual
                
                    -false
                    +true
                
                    at World.&lt;anonymous> (C:\Users\AlyssaMcMillan\work\traction-rec-integrations\wdiorepo\run\features\step-definitions\EventFilter.js:266:5)
                    at processTicksAndRejections (internal/process/task_queues.js:95:5)
                    at World.executeAsync (C:\Users\AlyssaMcMillan\work\traction-rec-integrations\wdiorepo\run\node_modules\@wdio\utils\build\shim.js:285:16)
                    at World.testFrameworkFnWrapper (C:\Users\AlyssaMcMillan\work\traction-rec-integrations\wdiorepo\run\node_modules\@wdio\utils\build\test-framework\testFnWrapper.js:52:18)</stack-trace>
            </failure>
        </test-case>
    </test-cases>
</ns2:test-suite>